 Deprecation Notice:
       ======================================================================
         From now on, the plugin that is being used to render a route is
         able to be changed by the user. You can do this by adding or
         enabling the plugin your scully.my-blog.config.ts
         file. For your convenience, we loaded the Puppeteer plugin for you.

         To disable this warning enable the plugin of your choice.
         for Puppeteer please add:
             import '@scullyio/scully-plugin-puppeteer';
          to your scully.my-blog.config.ts file.

          When you get this warning while not using scully-plugin-puppeteer
          you need to set the defaultRouteRenderer to the name of your plugin.
          The defaultRouteRenderer is now set to 'routeRenderer'.
       ======================================================================Folder "./scully" doesn't seem to contain custom plugins

(You can skip this, or any future question by using the --noPrompt flag)
Puppeteer error while rendering "/contact"
Error: net::ERR_NETWORK_ACCESS_DENIED at http://localhost:1864/contact
 we will retry rendering this page up to 3 times.
Puppeteer error while rendering "/articles"
Error: net::ERR_NETWORK_ACCESS_DENIED at http://localhost:1864/articles
 we will retry rendering this page up to 3 times.
Puppeteer error while rendering "/"
Error: net::ERR_NETWORK_ACCESS_DENIED at http://localhost:1864/
 we will retry rendering this page up to 3 times.
Puppeteer error while rendering "/posts/___UNPUBLISHED___lkls2929_6b3v3v4k28vI7L5VSkPXxFPSuyNaD16y"
Error: net::ERR_NETWORK_ACCESS_DENIED at http://localhost:1864/posts/___UNPUBLISHED___lkls2929_6b3v3v4k28vI7L5VSkPXxFPSuyNaD16y
 we will retry rendering this page up to 3 times.
Puppeteer error while rendering "/articles"
Error: net::ERR_NETWORK_ACCESS_DENIED at http://localhost:1864/articles
 we will retry rendering this page up to 3 times.
Puppeteer error while rendering "/contact"
Error: net::ERR_NETWORK_ACCESS_DENIED at http://localhost:1864/contact
 we will retry rendering this page up to 3 times.
Puppeteer error while rendering "/"
Error: net::ERR_NETWORK_ACCESS_DENIED at http://localhost:1864/
 we will retry rendering this page up to 3 times.
Puppeteer error while rendering "/posts/___UNPUBLISHED___lkls2929_6b3v3v4k28vI7L5VSkPXxFPSuyNaD16y"
Error: net::ERR_NETWORK_ACCESS_DENIED at http://localhost:1864/posts/___UNPUBLISHED___lkls2929_6b3v3v4k28vI7L5VSkPXxFPSuyNaD16y
 we will retry rendering this page up to 3 times.
Puppeteer error while rendering "/articles"
Error: net::ERR_NETWORK_ACCESS_DENIED at http://localhost:1864/articles
 we will retry rendering this page up to 3 times.
Puppeteer error while rendering "/contact"
Error: net::ERR_NETWORK_ACCESS_DENIED at http://localhost:1864/contact
 we will retry rendering this page up to 3 times.
Puppeteer error while rendering "/posts/___UNPUBLISHED___lkls2929_6b3v3v4k28vI7L5VSkPXxFPSuyNaD16y"
Error: net::ERR_NETWORK_ACCESS_DENIED at http://localhost:1864/posts/___UNPUBLISHED___lkls2929_6b3v3v4k28vI7L5VSkPXxFPSuyNaD16y
 we will retry rendering this page up to 3 times.
Puppeteer error while rendering "/"
Error: net::ERR_NETWORK_ACCESS_DENIED at http://localhost:1864/
 we will retry rendering this page up to 3 times.
 Deprecation Notice:
       ======================================================================
         From now on, the plugin that is being used to render a route is
         able to be changed by the user. You can do this by adding or
         enabling the plugin your scully.my-blog.config.ts
         file. For your convenience, we loaded the Puppeteer plugin for you.

         To disable this warning enable the plugin of your choice.
         for Puppeteer please add:
             import '@scullyio/scully-plugin-puppeteer';
          to your scully.my-blog.config.ts file.

          When you get this warning while not using scully-plugin-puppeteer
          you need to set the defaultRouteRenderer to the name of your plugin.
          The defaultRouteRenderer is now set to 'routeRenderer'.
       ======================================================================Folder "./scully" doesn't seem to contain custom plugins

----------------------------------   To discover new routes in the angular app use "npx scully --scanRoutes"Using stored unhandled routes!.----------------------------------



Puppeteer error while rendering "/"
Error: net::ERR_NETWORK_ACCESS_DENIED at http://localhost:1864/
 we will retry rendering this page up to 3 times.
Puppeteer error while rendering "/articles"
Error: net::ERR_NETWORK_ACCESS_DENIED at http://localhost:1864/articles
 we will retry rendering this page up to 3 times.
Puppeteer error while rendering "/posts/___UNPUBLISHED___lkls2929_6b3v3v4k28vI7L5VSkPXxFPSuyNaD16y"
Error: net::ERR_NETWORK_ACCESS_DENIED at http://localhost:1864/posts/___UNPUBLISHED___lkls2929_6b3v3v4k28vI7L5VSkPXxFPSuyNaD16y
 we will retry rendering this page up to 3 times.
Puppeteer error while rendering "/contact"
Error: net::ERR_NETWORK_ACCESS_DENIED at http://localhost:1864/contact
 we will retry rendering this page up to 3 times.
Puppeteer error while rendering "/"
Error: net::ERR_NETWORK_ACCESS_DENIED at http://localhost:1864/
 we will retry rendering this page up to 3 times.
Puppeteer error while rendering "/articles"
Error: net::ERR_NETWORK_ACCESS_DENIED at http://localhost:1864/articles
 we will retry rendering this page up to 3 times.
Puppeteer error while rendering "/posts/___UNPUBLISHED___lkls2929_6b3v3v4k28vI7L5VSkPXxFPSuyNaD16y"
Error: net::ERR_NETWORK_ACCESS_DENIED at http://localhost:1864/posts/___UNPUBLISHED___lkls2929_6b3v3v4k28vI7L5VSkPXxFPSuyNaD16y
 we will retry rendering this page up to 3 times.
Puppeteer error while rendering "/contact"
Error: net::ERR_NETWORK_ACCESS_DENIED at http://localhost:1864/contact
 we will retry rendering this page up to 3 times.
Puppeteer error while rendering "/"
Error: net::ERR_NETWORK_ACCESS_DENIED at http://localhost:1864/
 we will retry rendering this page up to 3 times.
Puppeteer error while rendering "/articles"
Error: net::ERR_NETWORK_ACCESS_DENIED at http://localhost:1864/articles
 we will retry rendering this page up to 3 times.
Puppeteer error while rendering "/posts/___UNPUBLISHED___lkls2929_6b3v3v4k28vI7L5VSkPXxFPSuyNaD16y"
Error: net::ERR_NETWORK_ACCESS_DENIED at http://localhost:1864/posts/___UNPUBLISHED___lkls2929_6b3v3v4k28vI7L5VSkPXxFPSuyNaD16y
 we will retry rendering this page up to 3 times.
Puppeteer error while rendering "/contact"
Error: net::ERR_NETWORK_ACCESS_DENIED at http://localhost:1864/contact
 we will retry rendering this page up to 3 times.
 Deprecation Notice:
       ======================================================================
         From now on, the plugin that is being used to render a route is
         able to be changed by the user. You can do this by adding or
         enabling the plugin your scully.my-blog.config.ts
         file. For your convenience, we loaded the Puppeteer plugin for you.

         To disable this warning enable the plugin of your choice.
         for Puppeteer please add:
             import '@scullyio/scully-plugin-puppeteer';
          to your scully.my-blog.config.ts file.

          When you get this warning while not using scully-plugin-puppeteer
          you need to set the defaultRouteRenderer to the name of your plugin.
          The defaultRouteRenderer is now set to 'routeRenderer'.
       ======================================================================Folder "./scully" doesn't seem to contain custom plugins

----------------------------------   To discover new routes in the angular app use "npx scully --scanRoutes"Using stored unhandled routes!.----------------------------------



 Deprecation Notice:
       ======================================================================
         From now on, the plugin that is being used to render a route is
         able to be changed by the user. You can do this by adding or
         enabling the plugin your scully.my-blog.config.ts
         file. For your convenience, we loaded the Puppeteer plugin for you.

         To disable this warning enable the plugin of your choice.
         for Puppeteer please add:
             import '@scullyio/scully-plugin-puppeteer';
          to your scully.my-blog.config.ts file.

          When you get this warning while not using scully-plugin-puppeteer
          you need to set the defaultRouteRenderer to the name of your plugin.
          The defaultRouteRenderer is now set to 'routeRenderer'.
       ======================================================================Folder "./scully" doesn't seem to contain custom plugins

----------------------------------   To discover new routes in the angular app use "npx scully --scanRoutes"Using stored unhandled routes!.----------------------------------



 Deprecation Notice:
       ======================================================================
         From now on, the plugin that is being used to render a route is
         able to be changed by the user. You can do this by adding or
         enabling the plugin your scully.my-blog.config.ts
         file. For your convenience, we loaded the Puppeteer plugin for you.

         To disable this warning enable the plugin of your choice.
         for Puppeteer please add:
             import '@scullyio/scully-plugin-puppeteer';
          to your scully.my-blog.config.ts file.

          When you get this warning while not using scully-plugin-puppeteer
          you need to set the defaultRouteRenderer to the name of your plugin.
          The defaultRouteRenderer is now set to 'routeRenderer'.
       ======================================================================Folder "./scully" doesn't seem to contain custom plugins

----------------------------------Using stored unhandled routes!.   To discover new routes in the angular app use "npx scully --scanRoutes"----------------------------------



